<?xml version="1.0" encoding="UTF-8"?>
<!-- Generated by org.testng.reporters.JUnitXMLReporter -->
<testsuite ignored="0" hostname="LAPTOP-GSBCM8VS" failures="1" tests="3" name="Count the number of Flights with filters" time="19.61" errors="0" timestamp="15 Jul 2019 13:55:38 GMT">
  <testcase classname="com.assign.qa.testcases.CountFlightsTest" name="flightsCountNoFilterTest" time="11.285">
    <failure type="java.lang.AssertionError" message="expected [83] but found [88]">
      <![CDATA[java.lang.AssertionError: expected [83] but found [88]
at com.assign.qa.testcases.CountFlightsTest.flightsCountNoFilterTest(CountFlightsTest.java:40)
... Removed 30 stack frames]]>
    </failure>
  </testcase> <!-- flightsCountNoFilterTest -->
  <testcase classname="com.assign.qa.testcases.CountFlightsTest" name="flightsCountNonStopFilterTest" time="4.745"/>
  <testcase classname="com.assign.qa.testcases.CountFlightsTest" name="flightsCountOneStopFilterTest" time="3.032"/>
</testsuite> <!-- Count the number of Flights with filters -->
