<?xml version="1.0" encoding="UTF-8"?>
<!-- Generated by org.testng.reporters.JUnitXMLReporter -->
<testsuite ignored="0" hostname="LAPTOP-GSBCM8VS" failures="0" tests="1" name="Search for a flight" time="7.352" errors="0" timestamp="15 Jul 2019 13:55:18 GMT">
  <testcase classname="com.assign.qa.testcases.SearchFlightsTest" name="@AfterMethod getResult" time="0.007">
    <failure type="java.lang.NullPointerException">
      <![CDATA[java.lang.NullPointerException
at com.assign.qa.testcases.SearchFlightsTest.getResult(SearchFlightsTest.java:52)
... Removed 28 stack frames]]>
    </failure>
  </testcase> <!-- @AfterMethod getResult -->
  <testcase classname="com.assign.qa.testcases.SearchFlightsTest" name="searchForAFlight" time="7.313"/>
</testsuite> <!-- Search for a flight -->
