<?xml version="1.0" encoding="UTF-8"?>
<!-- Generated by org.testng.reporters.JUnitXMLReporter -->
<testsuite ignored="0" hostname="LAPTOP-GSBCM8VS" failures="0" tests="3" name="Count the number of Flights with filters" time="17.13" errors="0" timestamp="22 Jul 2019 04:23:43 GMT">
  <testcase classname="com.assign.qa.testcases.CountFlightsTest" name="flightsCountNoFilterTest" time="10.568"/>
  <testcase classname="com.assign.qa.testcases.CountFlightsTest" name="flightsCountNonStopFilterTest" time="4.505"/>
  <testcase classname="com.assign.qa.testcases.CountFlightsTest" name="flightsCountOneStopFilterTest" time="2.046"/>
</testsuite> <!-- Count the number of Flights with filters -->
